<?xml version="1.0" encoding="UTF-8"?>
<!-- Generated by org.testng.reporters.JUnitReportReporter -->
<testsuite hostname="DESKTOP-7V04JF6" failures="0" tests="1" name="com.readDataFromCommand.ToReadTheDataFromCommandTest" time="0.017" errors="0" timestamp="20 Jul 2022 10:51:27 GMT">
  <testcase classname="com.readDataFromCommand.ToReadTheDataFromCommandTest" name="accessData" time="0.017"/>
</testsuite> <!-- com.readDataFromCommand.ToReadTheDataFromCommandTest -->
