<?xml version="1.0" encoding="UTF-8"?>
<!-- Generated by org.testng.reporters.JUnitReportReporter -->
<testsuite hostname="DESKTOP-7V04JF6" failures="0" tests="1" name="com.Praties.PractiesTest" time="0.016" errors="0" timestamp="18 Jul 2022 10:06:55 GMT">
  <testcase classname="com.Praties.PractiesTest" name="test" time="0.016"/>
</testsuite> <!-- com.Praties.PractiesTest -->
