<?xml version="1.0" encoding="UTF-8"?>
<!-- Generated by org.testng.reporters.JUnitReportReporter -->
<testsuite hostname="DESKTOP-7V04JF6" failures="0" tests="3" name="com.Practies.PractiesTest" time="0.006" errors="0" timestamp="18 Jul 2022 11:10:48 GMT">
  <testcase classname="com.Practies.PractiesTest" name="Test1" time="0.002"/>
  <testcase classname="com.Practies.PractiesTest" name="test" time="0.001"/>
  <testcase classname="com.Practies.PractiesTest" name="Test2" time="0.003"/>
</testsuite> <!-- com.Practies.PractiesTest -->
