<?xml version="1.0" encoding="UTF-8"?>
<!-- Generated by org.testng.reporters.JUnitReportReporter -->
<testsuite hostname="DESKTOP-7V04JF6" failures="0" tests="3" name="com.Practies.PractiesTest1" time="0.009" errors="0" timestamp="18 Jul 2022 11:10:48 GMT">
  <testcase classname="com.Practies.PractiesTest1" name="test2" time="0.003"/>
  <testcase classname="com.Practies.PractiesTest1" name="test1" time="0.004"/>
  <testcase classname="com.Practies.PractiesTest1" name="test" time="0.002"/>
</testsuite> <!-- com.Practies.PractiesTest1 -->
